<?xml version="1.0" encoding="UTF-8"?>
<!-- Generated by org.testng.reporters.JUnitXMLReporter -->
<testsuite hostname="ZZRahKumar01" ignored="1" name="Test" tests="3" failures="0" timestamp="2020-04-26T18:28:09 IST" time="0.075" errors="0">
  <testcase name="test10" time="0.013" classname="tests.Dummy"/>
  <testcase name="test12" time="0.002" classname="tests.Dummy"/>
  <testcase name="test13" time="0.001" classname="tests.Dummy"/>
  <testcase name="test9" time="0.0" classname="tests.Dummy">
    <ignored/>
  </testcase> <!-- test9 -->
</testsuite> <!-- Test -->
