<?xml version="1.0" encoding="UTF-8"?>
<!-- Generated by org.testng.reporters.JUnitXMLReporter -->
<testsuite hostname="ZZRahKumar01" ignored="0" name="Command line test" tests="8" failures="5" timestamp="2020-04-22T18:31:39 IST" time="8.796" errors="0">
  <testcase name="@AfterClass CloseAppiumDriver" time="0.001" classname="tests.BaseClass">
    <failure type="java.lang.NullPointerException">
      <![CDATA[java.lang.NullPointerException
at tests.BaseClass.CloseAppiumDriver(BaseClass.java:65)
at java.util.ArrayList.forEach(ArrayList.java:1257)
... Removed 35 stack frames]]>
    </failure>
  </testcase> <!-- @AfterClass CloseAppiumDriver -->
  <testcase name="@AfterClass CloseAppiumDriver" time="0.0" classname="tests.BaseClass">
    <failure type="java.lang.NullPointerException">
      <![CDATA[java.lang.NullPointerException
at tests.BaseClass.CloseAppiumDriver(BaseClass.java:65)
at java.util.ArrayList.forEach(ArrayList.java:1257)
... Removed 35 stack frames]]>
    </failure>
  </testcase> <!-- @AfterClass CloseAppiumDriver -->
  <testcase name="@AfterClass CloseAppiumDriver" time="0.0" classname="tests.BaseClass">
    <failure type="java.lang.NullPointerException">
      <![CDATA[java.lang.NullPointerException
at tests.BaseClass.CloseAppiumDriver(BaseClass.java:65)
at java.util.ArrayList.forEach(ArrayList.java:1257)
... Removed 35 stack frames]]>
    </failure>
  </testcase> <!-- @AfterClass CloseAppiumDriver -->
  <testcase name="Setuptest" time="0.003" classname="tests.BaseClass"/>
  <testcase name="VerifyPatientBookAppointmentDetails" time="0.012" classname="tests.AddNewPatientTest">
    <failure type="java.lang.NullPointerException">
      <![CDATA[java.lang.NullPointerException
at tests.AddNewPatientTest.VerifyPatientBookAppointmentDetails(AddNewPatientTest.java:137)
at java.util.ArrayList.forEach(ArrayList.java:1257)
... Removed 37 stack frames]]>
    </failure>
  </testcase> <!-- VerifyPatientBookAppointmentDetails -->
  <testcase name="AddNewPatientAppoinment" time="0.001" classname="tests.AddNewPatientTest">
    <failure type="java.lang.NullPointerException">
      <![CDATA[java.lang.NullPointerException
at tests.AddNewPatientTest.AddNewPatientAppoinment(AddNewPatientTest.java:32)
at java.util.ArrayList.forEach(ArrayList.java:1257)
... Removed 37 stack frames]]>
    </failure>
  </testcase> <!-- AddNewPatientAppoinment -->
  <testcase name="Setuptest" time="0.0" classname="tests.BaseClass"/>
  <testcase name="TestHammerPage" time="0.0" classname="tests.RegressionTest">
    <failure type="java.lang.NullPointerException">
      <![CDATA[java.lang.NullPointerException
at tests.RegressionTest.TestHammerPage(RegressionTest.java:23)
at java.util.ArrayList.forEach(ArrayList.java:1257)
... Removed 37 stack frames]]>
    </failure>
  </testcase> <!-- TestHammerPage -->
  <testcase name="Setuptest" time="0.0" classname="tests.BaseClass"/>
  <testcase name="BookAppoinment" time="0.001" classname="tests.SearchDoctorsTest">
    <failure type="java.lang.NullPointerException">
      <![CDATA[java.lang.NullPointerException
at tests.SearchDoctorsTest.BookAppoinment(SearchDoctorsTest.java:22)
at java.util.ArrayList.forEach(ArrayList.java:1257)
... Removed 37 stack frames]]>
    </failure>
  </testcase> <!-- BookAppoinment -->
  <testcase name="VerifyPatientBookAppointmentDetails" time="0.0" classname="tests.SearchDoctorsTest">
    <failure type="java.lang.NullPointerException">
      <![CDATA[java.lang.NullPointerException
at tests.SearchDoctorsTest.VerifyPatientBookAppointmentDetails(SearchDoctorsTest.java:105)
at java.util.ArrayList.forEach(ArrayList.java:1257)
... Removed 37 stack frames]]>
    </failure>
  </testcase> <!-- VerifyPatientBookAppointmentDetails -->
</testsuite> <!-- Command line test -->
