<?xml version="1.0" encoding="UTF-8"?>
<testng-results skipped="0" failed="1" ignored="0" total="1" passed="0">
  <reporter-output>
  </reporter-output>
  <suite name="Default suite" duration-ms="12974" started-at="2020-05-14T12:12:20 IST" finished-at="2020-05-14T12:12:33 IST">
    <groups>
    </groups>
    <test name="Default test" duration-ms="12974" started-at="2020-05-14T12:12:20 IST" finished-at="2020-05-14T12:12:33 IST">
      <class name="JEUNESSE.JeunesseProject.BaseClassLaunch">
        <test-method status="PASS" signature="setup()[pri:0, instance:JEUNESSE.JeunesseProject.BaseClassLaunch@5faeada1]" name="setup" is-config="true" duration-ms="12922" started-at="2020-05-14T12:12:20 IST" finished-at="2020-05-14T12:12:33 IST">
          <reporter-output>
          </reporter-output>
        </test-method> <!-- setup -->
        <test-method status="FAIL" signature="TestData()[pri:0, instance:JEUNESSE.JeunesseProject.BaseClassLaunch@5faeada1]" name="TestData" duration-ms="22" started-at="2020-05-14T12:12:33 IST" finished-at="2020-05-14T12:12:33 IST">
          <exception class="java.lang.NullPointerException">
            <full-stacktrace>
              <![CDATA[java.lang.NullPointerException
at org.openqa.selenium.support.pagefactory.DefaultElementLocator.findElement(DefaultElementLocator.java:69)
at org.openqa.selenium.support.pagefactory.internal.LocatingElementHandler.invoke(LocatingElementHandler.java:38)
at com.sun.proxy.$Proxy9.click(Unknown Source)
at JEUNESSE.JeunesseProject.JeunesseHomePage.ClickOnAccess(JeunesseHomePage.java:46)
at JEUNESSE.JeunesseProject.BaseClassLaunch.TestData(BaseClassLaunch.java:44)
at sun.reflect.NativeMethodAccessorImpl.invoke0(Native Method)
at sun.reflect.NativeMethodAccessorImpl.invoke(Unknown Source)
at sun.reflect.DelegatingMethodAccessorImpl.invoke(Unknown Source)
at java.lang.reflect.Method.invoke(Unknown Source)
at org.testng.internal.MethodInvocationHelper.invokeMethod(MethodInvocationHelper.java:134)
at org.testng.internal.TestInvoker.invokeMethod(TestInvoker.java:597)
at org.testng.internal.TestInvoker.invokeTestMethod(TestInvoker.java:173)
at org.testng.internal.MethodRunner.runInSequence(MethodRunner.java:46)
at org.testng.internal.TestInvoker$MethodInvocationAgent.invoke(TestInvoker.java:816)
at org.testng.internal.TestInvoker.invokeTestMethods(TestInvoker.java:146)
at org.testng.internal.TestMethodWorker.invokeTestMethods(TestMethodWorker.java:146)
at org.testng.internal.TestMethodWorker.run(TestMethodWorker.java:128)
at java.util.ArrayList.forEach(Unknown Source)
at org.testng.TestRunner.privateRun(TestRunner.java:766)
at org.testng.TestRunner.run(TestRunner.java:587)
at org.testng.SuiteRunner.runTest(SuiteRunner.java:384)
at org.testng.SuiteRunner.runSequentially(SuiteRunner.java:378)
at org.testng.SuiteRunner.privateRun(SuiteRunner.java:337)
at org.testng.SuiteRunner.run(SuiteRunner.java:286)
at org.testng.SuiteRunnerWorker.runSuite(SuiteRunnerWorker.java:53)
at org.testng.SuiteRunnerWorker.run(SuiteRunnerWorker.java:96)
at org.testng.TestNG.runSuitesSequentially(TestNG.java:1187)
at org.testng.TestNG.runSuitesLocally(TestNG.java:1109)
at org.testng.TestNG.runSuites(TestNG.java:1039)
at org.testng.TestNG.run(TestNG.java:1007)
at org.testng.remote.AbstractRemoteTestNG.run(AbstractRemoteTestNG.java:115)
at org.testng.remote.RemoteTestNG.initAndRun(RemoteTestNG.java:251)
at org.testng.remote.RemoteTestNG.main(RemoteTestNG.java:77)
]]>
            </full-stacktrace>
          </exception> <!-- java.lang.NullPointerException -->
          <reporter-output>
          </reporter-output>
        </test-method> <!-- TestData -->
        <test-method status="PASS" signature="TearDown()[pri:0, instance:JEUNESSE.JeunesseProject.BaseClassLaunch@5faeada1]" name="TearDown" is-config="true" duration-ms="0" started-at="2020-05-14T12:12:33 IST" finished-at="2020-05-14T12:12:33 IST">
          <reporter-output>
          </reporter-output>
        </test-method> <!-- TearDown -->
      </class> <!-- JEUNESSE.JeunesseProject.BaseClassLaunch -->
    </test> <!-- Default test -->
  </suite> <!-- Default suite -->
</testng-results>
